Looking for git in: git
Using git 2.11.0 from git
> git rev-parse --show-toplevel
> git config --get commit.template
Open repository: /home/gustavo/Documentos/git/angular-tour-of-heroes
> git status -z -u
> git symbolic-ref --short HEAD
> git rev-parse master
> git rev-parse --symbolic-full-name master@{u}
> git rev-list --left-right master...refs/remotes/origin/master
> git for-each-ref --format %(refname) %(objectname) --sort -committerdate
> git remote --verbose
> git check-ignore -z --stdin
> git check-ignore -z --stdin
> git check-ignore -z --stdin
> git check-ignore -z --stdin
> git show :src/app/heroes/heroes.component.html
> git show :src/app/heroes/heroes.component.ts
> git check-ignore -z --stdin
> git show :src/app/hero.service.ts
> git show :src/app/hero.ts
> git show :src/app/hero.service.ts
> git show :src/app/hero.service.spec.ts
> git show :src/app/app.module.ts
> git show :src/app/app.component.ts
> git show :src/app/hero.ts
> git show :src/app/hero.service.ts
> git show :src/app/hero.ts
> git show :src/app/hero.service.ts
> git show :src/app/heroes/heroes.component.ts
> git show :src/app/hero.service.ts
> git show :src/app/hero.service.spec.ts
> git show :src/app/hero.service.ts
> git show :src/app/heroes/heroes.component.ts
> git show :src/app/hero.service.ts
> git show :src/app/mock-heroes.ts
> git show :src/app/heroes/heroes.component.ts
> git show :src/app/hero.service.ts
